
   INFO  Server running on [http://127.0.0.1:8000].  

  Press Ctrl+C to stop the server

  2026-02-23 00:58:33 /login ............................................................... ~ 1dt
  2026-02-23 00:58:34 /build/assets/theme-config-_-7EvQW4.js ............................ ~ 0.09ms
  2026-02-23 00:58:34 /build/assets/app-BBbKto29.css .................................... ~ 1.60ms
  2026-02-23 00:58:34 /build/assets/app-DgdY5Dxr.js ..................................... ~ 4.99ms
  2026-02-23 00:58:34 /logo.png ......................................................... ~ 0.16ms
  2026-02-23 00:58:34 /logo.png ......................................................... ~ 0.44ms
  2026-02-23 00:58:49 /research ....................................................... ~ 504.82ms
  2026-02-23 00:58:50 /build/assets/app-DgdY5Dxr.js ..................................... ~ 0.32ms
  2026-02-23 00:58:50 /build/assets/theme-config-_-7EvQW4.js ............................ ~ 3.71ms
  2026-02-23 00:58:49 /build/assets/app-BBbKto29.css .................................. ~ 520.21ms
  2026-02-23 00:58:50 /logo.png ......................................................... ~ 0.12ms
  2026-02-23 00:58:51 /logo.png ......................................................... ~ 2.64ms
  2026-02-23 00:58:58 /laporan-penelitian ............................................. ~ 501.15ms
  2026-02-23 00:58:58 /_debugbar/open ................................................... ~ 0.09ms
  2026-02-23 00:58:58 /build/assets/app-BBbKto29.css .................................... ~ 0.30ms
  2026-02-23 00:58:58 /logo.png ......................................................... ~ 0.16ms
  2026-02-23 00:59:22 /livewire-9c90a31d/update ....................................... ~ 503.85ms
  2026-02-23 00:59:23 /_debugbar/open ................................................... ~ 0.15ms
  2026-02-23 00:59:23 /dashboard ...................................................... ~ 505.00ms
  2026-02-23 00:59:23 /build/assets/app-BBbKto29.css .................................... ~ 0.22ms
  2026-02-23 00:59:23 /build/assets/app-DgdY5Dxr.js ..................................... ~ 0.15ms
  2026-02-23 00:59:23 /build/assets/theme-config-_-7EvQW4.js ............................ ~ 3.43ms
  2026-02-23 00:59:23 /logo.png ......................................................... ~ 0.16ms
  2026-02-23 00:59:30 /dashboard ........................................................ ~ 0.16ms
  2026-02-23 00:59:30 /_debugbar/open ................................................... ~ 0.14ms
  2026-02-23 00:59:30 /logo.png ......................................................... ~ 0.34ms
  2026-02-23 00:59:30 /dashboard ...................................................... ~ 500.38ms
  2026-02-23 00:59:31 /_debugbar/open ................................................... ~ 0.09ms
  2026-02-23 00:59:35 /research ......................................................... ~ 0.18ms
  2026-02-23 00:59:35 /_debugbar/open ................................................... ~ 0.12ms
  2026-02-23 00:59:38 /role/switch ...................................................... ~ 0.63ms
  2026-02-23 00:59:38 /research ....................................................... ~ 504.53ms
  2026-02-23 00:59:39 /build/assets/app-DgdY5Dxr.js ..................................... ~ 0.14ms
  2026-02-23 00:59:39 /build/assets/theme-config-_-7EvQW4.js ............................ ~ 1.99ms
  2026-02-23 00:59:39 /build/assets/app-BBbKto29.css .................................... ~ 3.44ms
  2026-02-23 00:59:39 /logo.png ......................................................... ~ 0.13ms
  2026-02-23 00:59:50 /research/proposal/create ....................................... ~ 502.92ms
  2026-02-23 00:59:51 /_debugbar/open ................................................... ~ 0.10ms
  2026-02-23 01:01:24 /logout ......................................................... ~ 507.93ms
  2026-02-23 01:01:24 / ............................................................... ~ 513.76ms
  2026-02-23 01:01:24 /dashboard ...................................................... ~ 501.44ms
  2026-02-23 01:01:24 /login ............................................................ ~ 0.67ms
  2026-02-23 01:01:25 /build/assets/app-DgdY5Dxr.js ..................................... ~ 0.15ms
  2026-02-23 01:01:25 /build/assets/theme-config-_-7EvQW4.js ............................ ~ 2.47ms
  2026-02-23 01:01:25 /build/assets/app-BBbKto29.css .................................... ~ 3.88ms
  2026-02-23 01:01:25 /logo.png ......................................................... ~ 0.20ms
  2026-02-23 01:01:34 /livewire-9c90a31d/update ....................................... ~ 505.43ms
  2026-02-23 01:01:34 /_debugbar/open ................................................. ~ 533.44ms
  2026-02-23 01:01:35 /dashboard ........................................................ ~ 0.13ms
  2026-02-23 01:01:35 /build/assets/app-DgdY5Dxr.js ..................................... ~ 0.27ms
  2026-02-23 01:01:35 /build/assets/theme-config-_-7EvQW4.js ............................ ~ 6.71ms
  2026-02-23 01:01:35 /build/assets/app-BBbKto29.css ................................... ~ 71.21ms
  2026-02-23 01:01:35 /logo.png ......................................................... ~ 0.15ms
  2026-02-23 01:01:38 /research ....................................................... ~ 504.86ms
  2026-02-23 01:01:38 /_debugbar/open ................................................... ~ 0.10ms
  2026-02-23 01:01:39 /build/assets/app-BBbKto29.css .................................... ~ 0.10ms
  2026-02-23 01:02:31 /research/proposal/create ....................................... ~ 507.48ms
  2026-02-23 01:02:32 /_debugbar/open ................................................... ~ 0.19ms
  2026-02-23 01:02:38 /research ......................................................... ~ 0.24ms
  2026-02-23 01:02:39 /build/assets/theme-config-_-7EvQW4.js ............................ ~ 0.23ms
  2026-02-23 01:02:39 /build/assets/app-DgdY5Dxr.js .................................... ~ 10.54ms
  2026-02-23 01:02:38 /build/assets/app-BBbKto29.css ................................... ~ 28.42ms
  2026-02-23 01:02:39 /logo.png ......................................................... ~ 3.98ms
  2026-02-23 01:02:39 /logo.png ......................................................... ~ 0.60ms
  2026-02-23 01:03:32 /research ......................................................... ~ 1.47ms
  2026-02-23 01:03:33 /build/assets/app-DgdY5Dxr.js ..................................... ~ 0.14ms
  2026-02-23 01:03:33 /build/assets/theme-config-_-7EvQW4.js ............................ ~ 2.29ms
  2026-02-23 01:03:33 /build/assets/app-BBbKto29.css .................................... ~ 4.40ms
  2026-02-23 01:03:33 /logo.png ......................................................... ~ 0.25ms
  2026-02-23 01:03:33 /logo.png ......................................................... ~ 0.48ms
  2026-02-23 01:04:59 /research/proposal/create ....................................... ~ 506.02ms
  2026-02-23 01:05:00 /_debugbar/open ................................................... ~ 0.09ms
  2026-02-23 01:06:37 /research/proposal/create ....................................... ~ 504.84ms
  2026-02-23 01:06:38 /_debugbar/open ................................................... ~ 0.21ms
  2026-02-23 01:06:41 /research ....................................................... ~ 504.13ms
  2026-02-23 01:06:42 /build/assets/app-DgdY5Dxr.js ..................................... ~ 0.15ms
  2026-02-23 01:06:42 /build/assets/theme-config-_-7EvQW4.js ............................ ~ 3.30ms
  2026-02-23 01:06:41 /build/assets/app-BBbKto29.css .................................. ~ 523.73ms
  2026-02-23 01:06:42 /logo.png ......................................................... ~ 0.15ms
  2026-02-23 01:06:43 /logo.png ......................................................... ~ 0.27ms
  2026-02-23 01:09:05 /users .......................................................... ~ 504.97ms
  2026-02-23 01:09:05 /_debugbar/open ................................................... ~ 0.12ms
  2026-02-23 01:09:06 /build/assets/app-BBbKto29.css .................................... ~ 0.09ms
  2026-02-23 01:09:07 /admin/archives ................................................... ~ 0.16ms
  2026-02-23 01:09:07 /_debugbar/open ................................................... ~ 0.08ms
  2026-02-23 01:09:14 /users/create ..................................................... ~ 0.16ms
  2026-02-23 01:09:14 /_debugbar/open ................................................... ~ 0.09ms
  2026-02-23 01:09:16 /admin/archives ................................................. ~ 504.87ms
  2026-02-23 01:09:16 /_debugbar/open ................................................... ~ 0.22ms
  2026-02-23 01:10:10 /dashboard ...................................................... ~ 505.37ms
  2026-02-23 01:10:11 /_debugbar/open ................................................... ~ 0.09ms
  2026-02-23 01:10:11 /admin/archives ................................................... ~ 0.32ms
  2026-02-23 01:10:12 /build/assets/app-DgdY5Dxr.js ................................... ~ 501.98ms
  2026-02-23 01:10:12 /build/assets/theme-config-_-7EvQW4.js .......................... ~ 503.90ms
  2026-02-23 01:10:12 /build/assets/app-BBbKto29.css .................................. ~ 505.36ms
  2026-02-23 01:10:12 /logo.png ......................................................... ~ 0.10ms
  2026-02-23 01:10:12 /logo.png ......................................................... ~ 0.09ms
  2026-02-23 01:11:12 /admin/archives ................................................. ~ 502.10ms
  2026-02-23 01:11:13 /build/assets/app-DgdY5Dxr.js ..................................... ~ 0.11ms
  2026-02-23 01:11:13 /build/assets/theme-config-_-7EvQW4.js ............................ ~ 2.30ms
  2026-02-23 01:11:13 /build/assets/app-BBbKto29.css .................................... ~ 4.26ms
  2026-02-23 01:11:13 /logo.png ......................................................... ~ 0.09ms
  2026-02-23 01:11:13 /logo.png ......................................................... ~ 0.08ms
  2026-02-23 01:11:15 /export-sinta ................................................... ~ 505.39ms
  2026-02-23 01:11:16 /_debugbar/open ................................................... ~ 0.10ms
  2026-02-23 01:11:16 /build/assets/app-BBbKto29.css .................................... ~ 0.21ms
  2026-02-23 01:11:16 /logo.png ......................................................... ~ 0.50ms
  2026-02-23 01:11:16 /export-sinta ..................................................... ~ 0.13ms
  2026-02-23 01:11:16 /_debugbar/open ................................................... ~ 0.12ms
  2026-02-23 01:12:14 /export-sinta ..................................................... ~ 0.78ms
  2026-02-23 01:12:14 /build/assets/app-DgdY5Dxr.js ..................................... ~ 0.24ms
  2026-02-23 01:12:14 /build/assets/theme-config-_-7EvQW4.js ............................ ~ 4.10ms
  2026-02-23 01:12:14 /build/assets/app-BBbKto29.css .................................... ~ 8.28ms
  2026-02-23 01:12:14 /logo.png ......................................................... ~ 0.23ms
  2026-02-23 01:12:15 /logo.png ......................................................... ~ 0.08ms
  2026-02-23 01:12:31 /export-sinta ................................................... ~ 501.26ms
  2026-02-23 01:12:31 /build/assets/app-DgdY5Dxr.js ..................................... ~ 0.21ms
  2026-02-23 01:12:31 /build/assets/theme-config-_-7EvQW4.js ............................ ~ 3.44ms
  2026-02-23 01:12:31 /build/assets/app-BBbKto29.css .................................... ~ 7.75ms
  2026-02-23 01:12:31 /logo.png ......................................................... ~ 0.10ms
  2026-02-23 01:12:31 /logo.png ......................................................... ~ 0.11ms
  2026-02-23 01:13:49 /export-sinta ................................................... ~ 509.39ms
  2026-02-23 01:13:50 /build/assets/app-BBbKto29.css .................................... ~ 0.18ms
  2026-02-23 01:13:50 /build/assets/app-DgdY5Dxr.js ..................................... ~ 2.21ms
  2026-02-23 01:13:50 /build/assets/theme-config-_-7EvQW4.js ............................ ~ 3.88ms
  2026-02-23 01:13:50 /logo.png ......................................................... ~ 0.08ms
  2026-02-23 01:13:50 /logo.png ......................................................... ~ 0.25ms
  2026-02-23 01:13:59 /export-sinta ..................................................... ~ 0.55ms
  2026-02-23 01:13:59 /admin/archives ................................................... ~ 0.10ms
  2026-02-23 01:13:59 /_debugbar/open ................................................. ~ 503.60ms
  2026-02-23 01:14:00 /_debugbar/open ................................................. ~ 503.85ms
  2026-02-23 01:14:00 /build/assets/app-BBbKto29.css .................................... ~ 0.13ms
  2026-02-23 01:14:00 /logo.png ......................................................... ~ 0.09ms
  2026-02-23 01:14:00 /admin/archives ................................................. ~ 503.81ms
  2026-02-23 01:14:00 /_debugbar/open ................................................... ~ 0.10ms
  2026-02-23 01:14:03 /users ............................................................ ~ 0.52ms
  2026-02-23 01:14:03 /_debugbar/open ................................................... ~ 0.09ms
  2026-02-23 01:14:05 /laporan-penelitian ............................................. ~ 504.33ms
  2026-02-23 01:14:05 /_debugbar/open ................................................... ~ 0.09ms
  2026-02-23 01:15:10 /laporan-penelitian ............................................. ~ 508.70ms
  2026-02-23 01:15:10 /build/assets/app-BBbKto29.css .................................... ~ 0.13ms
  2026-02-23 01:15:11 /build/assets/theme-config-_-7EvQW4.js ............................ ~ 0.11ms
  2026-02-23 01:15:11 /build/assets/app-DgdY5Dxr.js ..................................... ~ 4.24ms
  2026-02-23 01:15:11 /logo.png ......................................................... ~ 0.10ms
  2026-02-23 01:15:11 /logo.png ......................................................... ~ 0.36ms
  2026-02-23 01:15:12 /admin-lppm/monev ................................................. ~ 0.16ms
  2026-02-23 01:15:12 /_debugbar/open ................................................. ~ 502.32ms
  2026-02-23 01:15:12 /build/assets/app-BBbKto29.css .................................... ~ 0.09ms
  2026-02-23 01:15:12 /logo.png ......................................................... ~ 0.08ms
  2026-02-23 01:15:12 /admin-lppm/monev ............................................... ~ 503.76ms
  2026-02-23 01:15:13 /_debugbar/open ................................................... ~ 0.15ms
  2026-02-23 01:15:15 /admin-lppm/penugasan-reviewer .................................... ~ 0.23ms
  2026-02-23 01:15:15 /_debugbar/open ................................................... ~ 0.12ms
  2026-02-23 01:15:16 /community-service .............................................. ~ 501.56ms
  2026-02-23 01:15:17 /_debugbar/open ................................................... ~ 0.20ms
  2026-02-23 01:15:18 /research ......................................................... ~ 0.18ms
  2026-02-23 01:15:18 /_debugbar/open ................................................... ~ 0.19ms
  2026-02-23 01:15:19 /dashboard ...................................................... ~ 505.08ms
  2026-02-23 01:15:19 /_debugbar/open ................................................... ~ 0.10ms
  2026-02-23 01:15:19 /logo.png ......................................................... ~ 0.43ms
  2026-02-23 01:15:20 /dashboard ...................................................... ~ 501.65ms
  2026-02-23 01:15:20 /_debugbar/open ................................................... ~ 0.09ms
  2026-02-23 01:16:12 /admin-lppm/monev ............................................... ~ 502.54ms
  2026-02-23 01:16:12 /_debugbar/open ................................................... ~ 0.11ms
  2026-02-23 01:16:13 /laporan-penelitian ............................................... ~ 0.16ms
  2026-02-23 01:16:13 /_debugbar/open ................................................. ~ 504.28ms
  2026-02-23 01:16:13 /laporan-pkm ...................................................... ~ 0.10ms
  2026-02-23 01:16:13 /_debugbar/open ................................................... ~ 0.27ms
  2026-02-23 01:16:14 /logo.png ......................................................... ~ 0.23ms
  2026-02-23 01:16:16 /laporan-pkm .................................................... ~ 504.80ms
  2026-02-23 01:16:16 /laporan-luaran ................................................... ~ 0.10ms
  2026-02-23 01:16:16 /_debugbar/open ................................................... ~ 2.75ms
  2026-02-23 01:16:16 /_debugbar/open ................................................. ~ 508.53ms
  2026-02-23 01:16:17 /logo.png ....................................................... ~ 509.05ms
  2026-02-23 01:16:18 /laporan-luaran ................................................. ~ 503.78ms
  2026-02-23 01:16:18 /laporan-mitra .................................................... ~ 0.15ms
  2026-02-23 01:16:18 /_debugbar/open ................................................... ~ 5.68ms
  2026-02-23 01:16:18 /_debugbar/open ................................................. ~ 513.56ms
  2026-02-23 01:17:48 /laporan-penelitian ............................................. ~ 506.00ms
  2026-02-23 01:17:48 /_debugbar/open ................................................... ~ 0.09ms
  2026-02-23 01:17:50 /laporan-penelitian ............................................. ~ 503.74ms
  2026-02-23 01:17:50 /laporan-pkm ...................................................... ~ 0.20ms
  2026-02-23 01:17:50 /_debugbar/open ................................................... ~ 5.54ms
  2026-02-23 01:17:50 /_debugbar/open ................................................... ~ 5.41ms
  2026-02-23 01:17:52 /laporan-pkm .................................................... ~ 512.34ms
  2026-02-23 01:17:52 /_debugbar/open ................................................... ~ 0.42ms
  2026-02-23 01:17:52 /laporan-luaran ................................................... ~ 1.03ms
  2026-02-23 01:17:53 /_debugbar/open ................................................... ~ 0.15ms
  2026-02-23 01:17:55 /laporan-luaran ................................................. ~ 503.74ms
  2026-02-23 01:17:55 /laporan-mitra .................................................... ~ 0.18ms
  2026-02-23 01:17:55 /_debugbar/open ................................................. ~ 516.71ms
  2026-02-23 01:17:55 /_debugbar/open ................................................. ~ 506.16ms
  2026-02-23 01:18:28 /admin-lppm/monev ............................................... ~ 500.89ms
  2026-02-23 01:18:28 /_debugbar/open ................................................... ~ 0.12ms
  2026-02-23 01:18:29 /laporan-pkm ...................................................... ~ 0.17ms
  2026-02-23 01:18:29 /laporan-luaran ................................................. ~ 505.23ms
  2026-02-23 01:18:29 /_debugbar/open ................................................. ~ 507.85ms
  2026-02-23 01:18:29 /laporan-mitra .................................................... ~ 2.60ms
  2026-02-23 01:18:29 /_debugbar/open ................................................. ~ 507.49ms
  2026-02-23 01:18:30 /_debugbar/open ................................................. ~ 508.28ms
  2026-02-23 01:18:35 /livewire-9c90a31d/update ......................................... ~ 0.22ms
  2026-02-23 01:18:35 /_debugbar/open ................................................. ~ 501.37ms
  2026-02-23 01:18:37 /livewire-9c90a31d/update ......................................... ~ 0.20ms
  2026-02-23 01:18:37 /_debugbar/open ................................................... ~ 0.10ms
  2026-02-23 01:18:53 /dashboard ........................................................ ~ 0.47ms
  2026-02-23 01:18:53 /_debugbar/open ................................................. ~ 504.38ms
  2026-02-23 01:18:53 /logo.png ......................................................... ~ 0.16ms
  2026-02-23 01:18:53 /dashboard ...................................................... ~ 501.42ms
  2026-02-23 01:18:54 /_debugbar/open ................................................... ~ 0.14ms
  2026-02-23 01:18:56 /settings/master-data ............................................. ~ 0.18ms
  2026-02-23 01:18:57 /_debugbar/open ................................................... ~ 0.09ms
  2026-02-23 01:18:57 /logo.png ......................................................... ~ 0.10ms
